03.11.2023 - v1.0
+ Create the Git
+ Create changes.log
+ Initialisation from the Django Backend
+ Initialisation from Flutter Database
+ Update .gitignore
+ Page schema : Header (F) > Navbar (F) > Body (D) > Footer (F)
+ Add Navigation bar on flutter
+ Add home_content.dart, aboutme.dart, blog.dart
* F = fix, D = Dynamic

04.11.2023 - v1.0.1
+ Create First model "About Me"
+ Create ViewSet
+ Create Router URL
+ Create Serializer
+ Add requirements.txt

09.11.2023 - v1.0.2
+ Create every models
+ Create ViewSet
+ Create Router URL
+ Create Serializer

10.11.2023 v1.0.3
+ Add Rest API params with Token
+ Add Empty models in flutter 
+ Add Django and authentication Service in flutter